2025-09-25 13:36:31,708 - INFO - Iniciando entrenamiento en cuda
2025-09-25 13:36:31,890 - INFO - Epoch	Train Loss	Train Acc	Val Loss	Val Acc
2025-09-25 13:36:55,748 - INFO - 1	0.7079	0.5030	0.6971	0.5116
2025-09-25 13:37:19,054 - INFO - 2	0.7125	0.5325	0.6671	0.5814
2025-09-25 13:37:42,824 - INFO - 3	0.6445	0.6036	0.5735	0.6744
2025-09-25 13:38:06,314 - INFO - 4	0.5973	0.7337	0.5510	0.6977
2025-09-25 13:38:06,387 - INFO - Mejor accuracy de validación: 0.6977
2025-09-28 17:28:03,178 - INFO - Iniciando entrenamiento en cuda
2025-09-28 17:28:03,312 - INFO - Epoch	Train Loss	Train Acc	Val Loss	Val Acc
2025-09-28 17:28:23,333 - INFO - 1	0.7311	0.5976	0.6626	0.6977
2025-09-28 17:28:45,454 - INFO - 2	0.6399	0.6036	0.6066	0.6744
2025-09-28 17:29:09,930 - INFO - 3	0.5795	0.7041	0.5659	0.7674
2025-09-28 17:29:34,219 - INFO - 4	0.4754	0.7870	0.5568	0.7442
2025-09-28 17:29:58,402 - INFO - 5	0.4212	0.8343	0.6265	0.6512
2025-09-28 17:30:22,529 - INFO - 6	0.2347	0.9112	0.7665	0.6977
2025-09-28 17:30:46,679 - INFO - 7	0.1852	0.9467	0.6506	0.6977
2025-09-28 17:31:10,627 - INFO - 8	0.0724	0.9882	1.0671	0.6977
2025-09-28 17:31:34,644 - INFO - 9	0.0139	1.0000	1.7086	0.6744
2025-09-28 17:31:58,858 - INFO - 10	0.0434	0.9882	1.1160	0.7442
2025-09-28 17:32:22,898 - INFO - 11	0.2435	0.9467	0.4958	0.7674
2025-09-28 17:32:46,435 - INFO - 12	0.0875	0.9645	0.9281	0.7674
2025-09-28 17:33:09,818 - INFO - 13	0.0135	1.0000	1.1809	0.7442
2025-09-28 17:33:09,819 - INFO - Early stopping at epoch 13
2025-09-28 17:33:09,819 - INFO - Mejor accuracy de validación: 0.7674
